2026-01-09 11:25:09 +05:30: [dotenv@17.2.3] injecting env (0) from .env -- tip: ⚙️  override existing env vars with { override: true }
2026-01-09 11:25:09 +05:30: Server listening on http://localhost:4000
2026-01-09 11:26:20 +05:30: req.user {
2026-01-09 11:26:20 +05:30:   id: '9c61e570-a03f-4937-8361-0e0f1abf4ef3',
2026-01-09 11:26:20 +05:30:   email: 'p@p.c',
2026-01-09 11:26:20 +05:30:   name: 'patel',
2026-01-09 11:26:20 +05:30:   createdAt: 2025-10-15T10:22:31.346Z
2026-01-09 11:26:20 +05:30: }
2026-01-09 11:26:20 +05:30: [SOCKET] connected -GCYFb-e_Ou_4Rl8AAAB user= {
2026-01-09 11:26:20 +05:30:   id: '9c61e570-a03f-4937-8361-0e0f1abf4ef3',
2026-01-09 11:26:20 +05:30:   name: 'patel',
2026-01-09 11:26:20 +05:30:   email: 'p@p.c'
2026-01-09 11:26:20 +05:30: }
2026-01-09 11:31:06 +05:30: [dotenv@17.2.3] injecting env (0) from .env -- tip: 🔑 add access controls to secrets: https://dotenvx.com/ops
2026-01-09 11:31:06 +05:30: Server listening on http://localhost:4000
2026-01-09 11:31:17 +05:30: [SOCKET] connected BqdAVfaoObVb6pXVAAAB user= {
2026-01-09 11:31:17 +05:30:   id: '9c61e570-a03f-4937-8361-0e0f1abf4ef3',
2026-01-09 11:31:17 +05:30:   name: 'patel',
2026-01-09 11:31:17 +05:30:   email: 'p@p.c'
2026-01-09 11:31:17 +05:30: }
2026-01-09 11:32:42 +05:30: [SRV] cleanupPeer BqdAVfaoObVb6pXVAAAB
2026-01-09 11:32:42 +05:30: [SOCKET] disconnected BqdAVfaoObVb6pXVAAAB
2026-01-09 11:32:43 +05:30: req.user {
2026-01-09 11:32:43 +05:30:   id: '9c61e570-a03f-4937-8361-0e0f1abf4ef3',
2026-01-09 11:32:43 +05:30:   email: 'p@p.c',
2026-01-09 11:32:43 +05:30:   name: 'patel',
2026-01-09 11:32:43 +05:30:   createdAt: 2025-10-15T10:22:31.346Z
2026-01-09 11:32:43 +05:30: }
2026-01-09 11:32:43 +05:30: [SOCKET] connected vDoiQlLT6HO9s0OvAAAD user= {
2026-01-09 11:32:43 +05:30:   id: '9c61e570-a03f-4937-8361-0e0f1abf4ef3',
2026-01-09 11:32:43 +05:30:   name: 'patel',
2026-01-09 11:32:43 +05:30:   email: 'p@p.c'
2026-01-09 11:32:43 +05:30: }
2026-01-09 11:37:37 +05:30: [SRV] cleanupPeer vDoiQlLT6HO9s0OvAAAD
2026-01-09 11:37:37 +05:30: [SOCKET] disconnected vDoiQlLT6HO9s0OvAAAD
2026-01-09 11:37:39 +05:30: req.user {
2026-01-09 11:37:39 +05:30:   id: '9c61e570-a03f-4937-8361-0e0f1abf4ef3',
2026-01-09 11:37:39 +05:30:   email: 'p@p.c',
2026-01-09 11:37:39 +05:30:   name: 'patel',
2026-01-09 11:37:39 +05:30:   createdAt: 2025-10-15T10:22:31.346Z
2026-01-09 11:37:39 +05:30: }
2026-01-09 11:37:39 +05:30: [SOCKET] connected IFotL1PMwEXtSdAUAAAF user= {
2026-01-09 11:37:39 +05:30:   id: '9c61e570-a03f-4937-8361-0e0f1abf4ef3',
2026-01-09 11:37:39 +05:30:   name: 'patel',
2026-01-09 11:37:39 +05:30:   email: 'p@p.c'
2026-01-09 11:37:39 +05:30: }
2026-01-09 11:43:38 +05:30: [SRV] cleanupPeer IFotL1PMwEXtSdAUAAAF
2026-01-09 11:43:38 +05:30: [SOCKET] disconnected IFotL1PMwEXtSdAUAAAF
2026-01-09 11:43:39 +05:30: req.user {
2026-01-09 11:43:39 +05:30:   id: '9c61e570-a03f-4937-8361-0e0f1abf4ef3',
2026-01-09 11:43:39 +05:30:   email: 'p@p.c',
2026-01-09 11:43:39 +05:30:   name: 'patel',
2026-01-09 11:43:39 +05:30:   createdAt: 2025-10-15T10:22:31.346Z
2026-01-09 11:43:39 +05:30: }
2026-01-09 11:43:39 +05:30: [SOCKET] connected T3vq7cGCMb6YNmDEAAAH user= {
2026-01-09 11:43:39 +05:30:   id: '9c61e570-a03f-4937-8361-0e0f1abf4ef3',
2026-01-09 11:43:39 +05:30:   name: 'patel',
2026-01-09 11:43:39 +05:30:   email: 'p@p.c'
2026-01-09 11:43:39 +05:30: }
2026-01-09 11:48:39 +05:30: [SRV] cleanupPeer T3vq7cGCMb6YNmDEAAAH
2026-01-09 11:48:39 +05:30: [SOCKET] disconnected T3vq7cGCMb6YNmDEAAAH
2026-01-09 11:48:40 +05:30: req.user {
2026-01-09 11:48:40 +05:30:   id: '9c61e570-a03f-4937-8361-0e0f1abf4ef3',
2026-01-09 11:48:40 +05:30:   email: 'p@p.c',
2026-01-09 11:48:40 +05:30:   name: 'patel',
2026-01-09 11:48:40 +05:30:   createdAt: 2025-10-15T10:22:31.346Z
2026-01-09 11:48:40 +05:30: }
2026-01-09 11:48:41 +05:30: [SOCKET] connected 6S37LjaUU_iYFjwLAAAJ user= {
2026-01-09 11:48:41 +05:30:   id: '9c61e570-a03f-4937-8361-0e0f1abf4ef3',
2026-01-09 11:48:41 +05:30:   name: 'patel',
2026-01-09 11:48:41 +05:30:   email: 'p@p.c'
2026-01-09 11:48:41 +05:30: }
2026-01-09 11:54:39 +05:30: [SRV] cleanupPeer 6S37LjaUU_iYFjwLAAAJ
2026-01-09 11:54:39 +05:30: [SOCKET] disconnected 6S37LjaUU_iYFjwLAAAJ
2026-01-09 11:54:41 +05:30: req.user {
2026-01-09 11:54:41 +05:30:   id: '9c61e570-a03f-4937-8361-0e0f1abf4ef3',
2026-01-09 11:54:41 +05:30:   email: 'p@p.c',
2026-01-09 11:54:41 +05:30:   name: 'patel',
2026-01-09 11:54:41 +05:30:   createdAt: 2025-10-15T10:22:31.346Z
2026-01-09 11:54:41 +05:30: }
2026-01-09 11:54:41 +05:30: [SOCKET] connected 03ZfcWpnTuyMck2lAAAL user= {
2026-01-09 11:54:41 +05:30:   id: '9c61e570-a03f-4937-8361-0e0f1abf4ef3',
2026-01-09 11:54:41 +05:30:   name: 'patel',
2026-01-09 11:54:41 +05:30:   email: 'p@p.c'
2026-01-09 11:54:41 +05:30: }
2026-01-09 12:01:41 +05:30: [SRV] cleanupPeer 03ZfcWpnTuyMck2lAAAL
2026-01-09 12:01:41 +05:30: [SOCKET] disconnected 03ZfcWpnTuyMck2lAAAL
2026-01-09 12:01:43 +05:30: req.user {
2026-01-09 12:01:43 +05:30:   id: '9c61e570-a03f-4937-8361-0e0f1abf4ef3',
2026-01-09 12:01:43 +05:30:   email: 'p@p.c',
2026-01-09 12:01:43 +05:30:   name: 'patel',
2026-01-09 12:01:43 +05:30:   createdAt: 2025-10-15T10:22:31.346Z
2026-01-09 12:01:43 +05:30: }
2026-01-09 12:01:43 +05:30: [SOCKET] connected Axa7XDBJyJhgNRIqAAAN user= {
2026-01-09 12:01:43 +05:30:   id: '9c61e570-a03f-4937-8361-0e0f1abf4ef3',
2026-01-09 12:01:43 +05:30:   name: 'patel',
2026-01-09 12:01:43 +05:30:   email: 'p@p.c'
2026-01-09 12:01:43 +05:30: }
2026-01-09 12:06:41 +05:30: [SRV] cleanupPeer Axa7XDBJyJhgNRIqAAAN
2026-01-09 12:06:41 +05:30: [SOCKET] disconnected Axa7XDBJyJhgNRIqAAAN
2026-01-09 12:06:42 +05:30: req.user {
2026-01-09 12:06:42 +05:30:   id: '9c61e570-a03f-4937-8361-0e0f1abf4ef3',
2026-01-09 12:06:42 +05:30:   email: 'p@p.c',
2026-01-09 12:06:42 +05:30:   name: 'patel',
2026-01-09 12:06:42 +05:30:   createdAt: 2025-10-15T10:22:31.346Z
2026-01-09 12:06:42 +05:30: }
2026-01-09 12:06:42 +05:30: [SOCKET] connected lRxQvKttxJ-J3_T-AAAP user= {
2026-01-09 12:06:42 +05:30:   id: '9c61e570-a03f-4937-8361-0e0f1abf4ef3',
2026-01-09 12:06:42 +05:30:   name: 'patel',
2026-01-09 12:06:42 +05:30:   email: 'p@p.c'
2026-01-09 12:06:42 +05:30: }
2026-01-09 12:11:39 +05:30: [SRV] cleanupPeer lRxQvKttxJ-J3_T-AAAP
2026-01-09 12:11:39 +05:30: [SOCKET] disconnected lRxQvKttxJ-J3_T-AAAP
2026-01-09 12:11:40 +05:30: req.user {
2026-01-09 12:11:40 +05:30:   id: '9c61e570-a03f-4937-8361-0e0f1abf4ef3',
2026-01-09 12:11:40 +05:30:   email: 'p@p.c',
2026-01-09 12:11:40 +05:30:   name: 'patel',
2026-01-09 12:11:40 +05:30:   createdAt: 2025-10-15T10:22:31.346Z
2026-01-09 12:11:40 +05:30: }
2026-01-09 12:11:40 +05:30: [SOCKET] connected Ab80ZW2d4j7Z2xHLAAAR user= {
2026-01-09 12:11:40 +05:30:   id: '9c61e570-a03f-4937-8361-0e0f1abf4ef3',
2026-01-09 12:11:40 +05:30:   name: 'patel',
2026-01-09 12:11:40 +05:30:   email: 'p@p.c'
2026-01-09 12:11:40 +05:30: }
2026-01-09 12:16:41 +05:30: [SRV] cleanupPeer Ab80ZW2d4j7Z2xHLAAAR
2026-01-09 12:16:41 +05:30: [SOCKET] disconnected Ab80ZW2d4j7Z2xHLAAAR
2026-01-09 12:16:42 +05:30: req.user {
2026-01-09 12:16:42 +05:30:   id: '9c61e570-a03f-4937-8361-0e0f1abf4ef3',
2026-01-09 12:16:42 +05:30:   email: 'p@p.c',
2026-01-09 12:16:42 +05:30:   name: 'patel',
2026-01-09 12:16:42 +05:30:   createdAt: 2025-10-15T10:22:31.346Z
2026-01-09 12:16:42 +05:30: }
2026-01-09 12:16:42 +05:30: [SOCKET] connected SSdgEIO-U4-ihUdeAAAT user= {
2026-01-09 12:16:42 +05:30:   id: '9c61e570-a03f-4937-8361-0e0f1abf4ef3',
2026-01-09 12:16:42 +05:30:   name: 'patel',
2026-01-09 12:16:42 +05:30:   email: 'p@p.c'
2026-01-09 12:16:42 +05:30: }
2026-01-09 12:21:39 +05:30: [SRV] cleanupPeer SSdgEIO-U4-ihUdeAAAT
2026-01-09 12:21:39 +05:30: [SOCKET] disconnected SSdgEIO-U4-ihUdeAAAT
2026-01-09 12:21:40 +05:30: req.user {
2026-01-09 12:21:40 +05:30:   id: '9c61e570-a03f-4937-8361-0e0f1abf4ef3',
2026-01-09 12:21:40 +05:30:   email: 'p@p.c',
2026-01-09 12:21:40 +05:30:   name: 'patel',
2026-01-09 12:21:40 +05:30:   createdAt: 2025-10-15T10:22:31.346Z
2026-01-09 12:21:40 +05:30: }
2026-01-09 12:21:40 +05:30: [SOCKET] connected TmtiSKNzyr9FmZwGAAAV user= {
2026-01-09 12:21:40 +05:30:   id: '9c61e570-a03f-4937-8361-0e0f1abf4ef3',
2026-01-09 12:21:40 +05:30:   name: 'patel',
2026-01-09 12:21:40 +05:30:   email: 'p@p.c'
2026-01-09 12:21:40 +05:30: }
2026-01-09 12:26:41 +05:30: [SRV] cleanupPeer TmtiSKNzyr9FmZwGAAAV
2026-01-09 12:26:41 +05:30: [SOCKET] disconnected TmtiSKNzyr9FmZwGAAAV
2026-01-09 12:26:42 +05:30: req.user {
2026-01-09 12:26:42 +05:30:   id: '9c61e570-a03f-4937-8361-0e0f1abf4ef3',
2026-01-09 12:26:42 +05:30:   email: 'p@p.c',
2026-01-09 12:26:42 +05:30:   name: 'patel',
2026-01-09 12:26:42 +05:30:   createdAt: 2025-10-15T10:22:31.346Z
2026-01-09 12:26:42 +05:30: }
2026-01-09 12:26:43 +05:30: [SOCKET] connected EoOsr3SBcMeZJUXpAAAX user= {
2026-01-09 12:26:43 +05:30:   id: '9c61e570-a03f-4937-8361-0e0f1abf4ef3',
2026-01-09 12:26:43 +05:30:   name: 'patel',
2026-01-09 12:26:43 +05:30:   email: 'p@p.c'
2026-01-09 12:26:43 +05:30: }
2026-01-09 12:32:40 +05:30: [SRV] cleanupPeer EoOsr3SBcMeZJUXpAAAX
2026-01-09 12:32:40 +05:30: [SOCKET] disconnected EoOsr3SBcMeZJUXpAAAX
2026-01-09 12:32:42 +05:30: req.user {
2026-01-09 12:32:42 +05:30:   id: '9c61e570-a03f-4937-8361-0e0f1abf4ef3',
2026-01-09 12:32:42 +05:30:   email: 'p@p.c',
2026-01-09 12:32:42 +05:30:   name: 'patel',
2026-01-09 12:32:42 +05:30:   createdAt: 2025-10-15T10:22:31.346Z
2026-01-09 12:32:42 +05:30: }
2026-01-09 12:32:42 +05:30: [SOCKET] connected -IxsIlZB6H5FWzx-AAAZ user= {
2026-01-09 12:32:42 +05:30:   id: '9c61e570-a03f-4937-8361-0e0f1abf4ef3',
2026-01-09 12:32:42 +05:30:   name: 'patel',
2026-01-09 12:32:42 +05:30:   email: 'p@p.c'
2026-01-09 12:32:42 +05:30: }
2026-01-09 12:38:39 +05:30: [SRV] cleanupPeer -IxsIlZB6H5FWzx-AAAZ
2026-01-09 12:38:39 +05:30: [SOCKET] disconnected -IxsIlZB6H5FWzx-AAAZ
2026-01-09 12:38:40 +05:30: req.user {
2026-01-09 12:38:40 +05:30:   id: '9c61e570-a03f-4937-8361-0e0f1abf4ef3',
2026-01-09 12:38:40 +05:30:   email: 'p@p.c',
2026-01-09 12:38:40 +05:30:   name: 'patel',
2026-01-09 12:38:40 +05:30:   createdAt: 2025-10-15T10:22:31.346Z
2026-01-09 12:38:40 +05:30: }
2026-01-09 12:38:40 +05:30: [SOCKET] connected 6hHQxk7BReM4fCzpAAAb user= {
2026-01-09 12:38:40 +05:30:   id: '9c61e570-a03f-4937-8361-0e0f1abf4ef3',
2026-01-09 12:38:40 +05:30:   name: 'patel',
2026-01-09 12:38:40 +05:30:   email: 'p@p.c'
2026-01-09 12:38:40 +05:30: }
2026-01-09 12:43:39 +05:30: [SRV] cleanupPeer 6hHQxk7BReM4fCzpAAAb
2026-01-09 12:43:39 +05:30: [SOCKET] disconnected 6hHQxk7BReM4fCzpAAAb
2026-01-09 12:43:40 +05:30: req.user {
2026-01-09 12:43:40 +05:30:   id: '9c61e570-a03f-4937-8361-0e0f1abf4ef3',
2026-01-09 12:43:40 +05:30:   email: 'p@p.c',
2026-01-09 12:43:40 +05:30:   name: 'patel',
2026-01-09 12:43:40 +05:30:   createdAt: 2025-10-15T10:22:31.346Z
2026-01-09 12:43:40 +05:30: }
2026-01-09 12:43:40 +05:30: [SOCKET] connected bqDV1upsOstHwqaiAAAd user= {
2026-01-09 12:43:40 +05:30:   id: '9c61e570-a03f-4937-8361-0e0f1abf4ef3',
2026-01-09 12:43:40 +05:30:   name: 'patel',
2026-01-09 12:43:40 +05:30:   email: 'p@p.c'
2026-01-09 12:43:40 +05:30: }
2026-01-09 12:48:39 +05:30: [SRV] cleanupPeer bqDV1upsOstHwqaiAAAd
2026-01-09 12:48:39 +05:30: [SOCKET] disconnected bqDV1upsOstHwqaiAAAd
2026-01-09 12:48:40 +05:30: req.user {
2026-01-09 12:48:40 +05:30:   id: '9c61e570-a03f-4937-8361-0e0f1abf4ef3',
2026-01-09 12:48:40 +05:30:   email: 'p@p.c',
2026-01-09 12:48:40 +05:30:   name: 'patel',
2026-01-09 12:48:40 +05:30:   createdAt: 2025-10-15T10:22:31.346Z
2026-01-09 12:48:40 +05:30: }
2026-01-09 12:48:40 +05:30: [SOCKET] connected 6_WwdkCH8yLTOKeIAAAf user= {
2026-01-09 12:48:40 +05:30:   id: '9c61e570-a03f-4937-8361-0e0f1abf4ef3',
2026-01-09 12:48:40 +05:30:   name: 'patel',
2026-01-09 12:48:40 +05:30:   email: 'p@p.c'
2026-01-09 12:48:40 +05:30: }
2026-01-09 12:55:39 +05:30: [SRV] cleanupPeer 6_WwdkCH8yLTOKeIAAAf
2026-01-09 12:55:39 +05:30: [SOCKET] disconnected 6_WwdkCH8yLTOKeIAAAf
2026-01-09 12:55:40 +05:30: req.user {
2026-01-09 12:55:40 +05:30:   id: '9c61e570-a03f-4937-8361-0e0f1abf4ef3',
2026-01-09 12:55:40 +05:30:   email: 'p@p.c',
2026-01-09 12:55:40 +05:30:   name: 'patel',
2026-01-09 12:55:40 +05:30:   createdAt: 2025-10-15T10:22:31.346Z
2026-01-09 12:55:40 +05:30: }
2026-01-09 12:55:40 +05:30: [SOCKET] connected pQIIdMq-q-234kR5AAAh user= {
2026-01-09 12:55:40 +05:30:   id: '9c61e570-a03f-4937-8361-0e0f1abf4ef3',
2026-01-09 12:55:40 +05:30:   name: 'patel',
2026-01-09 12:55:40 +05:30:   email: 'p@p.c'
2026-01-09 12:55:40 +05:30: }
2026-01-09 13:00:41 +05:30: [SRV] cleanupPeer pQIIdMq-q-234kR5AAAh
2026-01-09 13:00:41 +05:30: [SOCKET] disconnected pQIIdMq-q-234kR5AAAh
2026-01-09 13:00:42 +05:30: req.user {
2026-01-09 13:00:42 +05:30:   id: '9c61e570-a03f-4937-8361-0e0f1abf4ef3',
2026-01-09 13:00:42 +05:30:   email: 'p@p.c',
2026-01-09 13:00:42 +05:30:   name: 'patel',
2026-01-09 13:00:42 +05:30:   createdAt: 2025-10-15T10:22:31.346Z
2026-01-09 13:00:42 +05:30: }
2026-01-09 13:00:42 +05:30: [SOCKET] connected S_LdPwgkGNPewe_fAAAj user= {
2026-01-09 13:00:42 +05:30:   id: '9c61e570-a03f-4937-8361-0e0f1abf4ef3',
2026-01-09 13:00:42 +05:30:   name: 'patel',
2026-01-09 13:00:42 +05:30:   email: 'p@p.c'
2026-01-09 13:00:42 +05:30: }
2026-01-09 13:05:41 +05:30: [SRV] cleanupPeer S_LdPwgkGNPewe_fAAAj
2026-01-09 13:05:41 +05:30: [SOCKET] disconnected S_LdPwgkGNPewe_fAAAj
2026-01-09 13:05:43 +05:30: req.user {
2026-01-09 13:05:43 +05:30:   id: '9c61e570-a03f-4937-8361-0e0f1abf4ef3',
2026-01-09 13:05:43 +05:30:   email: 'p@p.c',
2026-01-09 13:05:43 +05:30:   name: 'patel',
2026-01-09 13:05:43 +05:30:   createdAt: 2025-10-15T10:22:31.346Z
2026-01-09 13:05:43 +05:30: }
2026-01-09 13:05:43 +05:30: [SOCKET] connected -TtMqplz8zTf0mW8AAAl user= {
2026-01-09 13:05:43 +05:30:   id: '9c61e570-a03f-4937-8361-0e0f1abf4ef3',
2026-01-09 13:05:43 +05:30:   name: 'patel',
2026-01-09 13:05:43 +05:30:   email: 'p@p.c'
2026-01-09 13:05:43 +05:30: }
2026-01-09 13:10:41 +05:30: [SRV] cleanupPeer -TtMqplz8zTf0mW8AAAl
2026-01-09 13:10:41 +05:30: [SOCKET] disconnected -TtMqplz8zTf0mW8AAAl
2026-01-09 13:10:43 +05:30: req.user {
2026-01-09 13:10:43 +05:30:   id: '9c61e570-a03f-4937-8361-0e0f1abf4ef3',
2026-01-09 13:10:43 +05:30:   email: 'p@p.c',
2026-01-09 13:10:43 +05:30:   name: 'patel',
2026-01-09 13:10:43 +05:30:   createdAt: 2025-10-15T10:22:31.346Z
2026-01-09 13:10:43 +05:30: }
2026-01-09 13:10:43 +05:30: [SOCKET] connected FmATcHkqWLwscYE9AAAn user= {
2026-01-09 13:10:43 +05:30:   id: '9c61e570-a03f-4937-8361-0e0f1abf4ef3',
2026-01-09 13:10:43 +05:30:   name: 'patel',
2026-01-09 13:10:43 +05:30:   email: 'p@p.c'
2026-01-09 13:10:43 +05:30: }
2026-01-09 13:15:39 +05:30: [SRV] cleanupPeer FmATcHkqWLwscYE9AAAn
2026-01-09 13:15:39 +05:30: [SOCKET] disconnected FmATcHkqWLwscYE9AAAn
2026-01-09 13:15:40 +05:30: req.user {
2026-01-09 13:15:40 +05:30:   id: '9c61e570-a03f-4937-8361-0e0f1abf4ef3',
2026-01-09 13:15:40 +05:30:   email: 'p@p.c',
2026-01-09 13:15:40 +05:30:   name: 'patel',
2026-01-09 13:15:40 +05:30:   createdAt: 2025-10-15T10:22:31.346Z
2026-01-09 13:15:40 +05:30: }
2026-01-09 13:15:40 +05:30: [SOCKET] connected WnYMr_zoM8YaKrfDAAAp user= {
2026-01-09 13:15:40 +05:30:   id: '9c61e570-a03f-4937-8361-0e0f1abf4ef3',
2026-01-09 13:15:40 +05:30:   name: 'patel',
2026-01-09 13:15:40 +05:30:   email: 'p@p.c'
2026-01-09 13:15:40 +05:30: }
2026-01-09 13:20:40 +05:30: [SRV] cleanupPeer WnYMr_zoM8YaKrfDAAAp
2026-01-09 13:20:40 +05:30: [SOCKET] disconnected WnYMr_zoM8YaKrfDAAAp
2026-01-09 13:20:42 +05:30: req.user {
2026-01-09 13:20:42 +05:30:   id: '9c61e570-a03f-4937-8361-0e0f1abf4ef3',
2026-01-09 13:20:42 +05:30:   email: 'p@p.c',
2026-01-09 13:20:42 +05:30:   name: 'patel',
2026-01-09 13:20:42 +05:30:   createdAt: 2025-10-15T10:22:31.346Z
2026-01-09 13:20:42 +05:30: }
2026-01-09 13:20:42 +05:30: [SOCKET] connected cQDxngJTkvbkg8IPAAAr user= {
2026-01-09 13:20:42 +05:30:   id: '9c61e570-a03f-4937-8361-0e0f1abf4ef3',
2026-01-09 13:20:42 +05:30:   name: 'patel',
2026-01-09 13:20:42 +05:30:   email: 'p@p.c'
2026-01-09 13:20:42 +05:30: }
2026-01-09 13:25:39 +05:30: [SRV] cleanupPeer cQDxngJTkvbkg8IPAAAr
2026-01-09 13:25:39 +05:30: [SOCKET] disconnected cQDxngJTkvbkg8IPAAAr
2026-01-09 13:25:40 +05:30: req.user {
2026-01-09 13:25:40 +05:30:   id: '9c61e570-a03f-4937-8361-0e0f1abf4ef3',
2026-01-09 13:25:40 +05:30:   email: 'p@p.c',
2026-01-09 13:25:40 +05:30:   name: 'patel',
2026-01-09 13:25:40 +05:30:   createdAt: 2025-10-15T10:22:31.346Z
2026-01-09 13:25:40 +05:30: }
2026-01-09 13:25:40 +05:30: [SOCKET] connected QdX_2hMo4Ggog6HFAAAt user= {
2026-01-09 13:25:40 +05:30:   id: '9c61e570-a03f-4937-8361-0e0f1abf4ef3',
2026-01-09 13:25:40 +05:30:   name: 'patel',
2026-01-09 13:25:40 +05:30:   email: 'p@p.c'
2026-01-09 13:25:40 +05:30: }
2026-01-09 13:30:39 +05:30: [SRV] cleanupPeer QdX_2hMo4Ggog6HFAAAt
2026-01-09 13:30:39 +05:30: [SOCKET] disconnected QdX_2hMo4Ggog6HFAAAt
2026-01-09 13:30:41 +05:30: req.user {
2026-01-09 13:30:41 +05:30:   id: '9c61e570-a03f-4937-8361-0e0f1abf4ef3',
2026-01-09 13:30:41 +05:30:   email: 'p@p.c',
2026-01-09 13:30:41 +05:30:   name: 'patel',
2026-01-09 13:30:41 +05:30:   createdAt: 2025-10-15T10:22:31.346Z
2026-01-09 13:30:41 +05:30: }
2026-01-09 13:30:41 +05:30: [SOCKET] connected N5U3CzD81UB6SnXXAAAv user= {
2026-01-09 13:30:41 +05:30:   id: '9c61e570-a03f-4937-8361-0e0f1abf4ef3',
2026-01-09 13:30:41 +05:30:   name: 'patel',
2026-01-09 13:30:41 +05:30:   email: 'p@p.c'
2026-01-09 13:30:41 +05:30: }
2026-01-09 13:38:38 +05:30: [SRV] cleanupPeer N5U3CzD81UB6SnXXAAAv
2026-01-09 13:38:38 +05:30: [SOCKET] disconnected N5U3CzD81UB6SnXXAAAv
2026-01-09 13:38:40 +05:30: req.user {
2026-01-09 13:38:40 +05:30:   id: '9c61e570-a03f-4937-8361-0e0f1abf4ef3',
2026-01-09 13:38:40 +05:30:   email: 'p@p.c',
2026-01-09 13:38:40 +05:30:   name: 'patel',
2026-01-09 13:38:40 +05:30:   createdAt: 2025-10-15T10:22:31.346Z
2026-01-09 13:38:40 +05:30: }
2026-01-09 13:38:40 +05:30: [SOCKET] connected NcWvUOuShk8DC9d8AAAx user= {
2026-01-09 13:38:40 +05:30:   id: '9c61e570-a03f-4937-8361-0e0f1abf4ef3',
2026-01-09 13:38:40 +05:30:   name: 'patel',
2026-01-09 13:38:40 +05:30:   email: 'p@p.c'
2026-01-09 13:38:40 +05:30: }
2026-01-09 13:45:39 +05:30: [SRV] cleanupPeer NcWvUOuShk8DC9d8AAAx
2026-01-09 13:45:39 +05:30: [SOCKET] disconnected NcWvUOuShk8DC9d8AAAx
2026-01-09 13:45:40 +05:30: req.user {
2026-01-09 13:45:40 +05:30:   id: '9c61e570-a03f-4937-8361-0e0f1abf4ef3',
2026-01-09 13:45:40 +05:30:   email: 'p@p.c',
2026-01-09 13:45:40 +05:30:   name: 'patel',
2026-01-09 13:45:40 +05:30:   createdAt: 2025-10-15T10:22:31.346Z
2026-01-09 13:45:40 +05:30: }
2026-01-09 13:45:40 +05:30: [SOCKET] connected tGkT663HLmiDPs1FAAAz user= {
2026-01-09 13:45:40 +05:30:   id: '9c61e570-a03f-4937-8361-0e0f1abf4ef3',
2026-01-09 13:45:40 +05:30:   name: 'patel',
2026-01-09 13:45:40 +05:30:   email: 'p@p.c'
2026-01-09 13:45:40 +05:30: }
2026-01-09 13:51:41 +05:30: [SRV] cleanupPeer tGkT663HLmiDPs1FAAAz
2026-01-09 13:51:41 +05:30: [SOCKET] disconnected tGkT663HLmiDPs1FAAAz
2026-01-09 13:51:43 +05:30: req.user {
2026-01-09 13:51:43 +05:30:   id: '9c61e570-a03f-4937-8361-0e0f1abf4ef3',
2026-01-09 13:51:43 +05:30:   email: 'p@p.c',
2026-01-09 13:51:43 +05:30:   name: 'patel',
2026-01-09 13:51:43 +05:30:   createdAt: 2025-10-15T10:22:31.346Z
2026-01-09 13:51:43 +05:30: }
2026-01-09 13:51:43 +05:30: [SOCKET] connected kV8Q9GTR2koVgQNtAAA1 user= {
2026-01-09 13:51:43 +05:30:   id: '9c61e570-a03f-4937-8361-0e0f1abf4ef3',
2026-01-09 13:51:43 +05:30:   name: 'patel',
2026-01-09 13:51:43 +05:30:   email: 'p@p.c'
2026-01-09 13:51:43 +05:30: }
2026-01-09 13:56:40 +05:30: [SRV] cleanupPeer kV8Q9GTR2koVgQNtAAA1
2026-01-09 13:56:40 +05:30: [SOCKET] disconnected kV8Q9GTR2koVgQNtAAA1
2026-01-09 13:56:41 +05:30: req.user {
2026-01-09 13:56:41 +05:30:   id: '9c61e570-a03f-4937-8361-0e0f1abf4ef3',
2026-01-09 13:56:41 +05:30:   email: 'p@p.c',
2026-01-09 13:56:41 +05:30:   name: 'patel',
2026-01-09 13:56:41 +05:30:   createdAt: 2025-10-15T10:22:31.346Z
2026-01-09 13:56:41 +05:30: }
2026-01-09 13:56:41 +05:30: [SOCKET] connected -Ck2BViZc2EfC-Y5AAA3 user= {
2026-01-09 13:56:41 +05:30:   id: '9c61e570-a03f-4937-8361-0e0f1abf4ef3',
2026-01-09 13:56:41 +05:30:   name: 'patel',
2026-01-09 13:56:41 +05:30:   email: 'p@p.c'
2026-01-09 13:56:41 +05:30: }
2026-01-09 14:01:39 +05:30: [SRV] cleanupPeer -Ck2BViZc2EfC-Y5AAA3
2026-01-09 14:01:39 +05:30: [SOCKET] disconnected -Ck2BViZc2EfC-Y5AAA3
2026-01-09 14:01:40 +05:30: req.user {
2026-01-09 14:01:40 +05:30:   id: '9c61e570-a03f-4937-8361-0e0f1abf4ef3',
2026-01-09 14:01:40 +05:30:   email: 'p@p.c',
2026-01-09 14:01:40 +05:30:   name: 'patel',
2026-01-09 14:01:40 +05:30:   createdAt: 2025-10-15T10:22:31.346Z
2026-01-09 14:01:40 +05:30: }
2026-01-09 14:01:40 +05:30: [SOCKET] connected SYtlxxaCYylnnpl8AAA5 user= {
2026-01-09 14:01:40 +05:30:   id: '9c61e570-a03f-4937-8361-0e0f1abf4ef3',
2026-01-09 14:01:40 +05:30:   name: 'patel',
2026-01-09 14:01:40 +05:30:   email: 'p@p.c'
2026-01-09 14:01:40 +05:30: }
2026-01-09 14:07:41 +05:30: [SRV] cleanupPeer SYtlxxaCYylnnpl8AAA5
2026-01-09 14:07:41 +05:30: [SOCKET] disconnected SYtlxxaCYylnnpl8AAA5
2026-01-09 14:07:43 +05:30: req.user {
2026-01-09 14:07:43 +05:30:   id: '9c61e570-a03f-4937-8361-0e0f1abf4ef3',
2026-01-09 14:07:43 +05:30:   email: 'p@p.c',
2026-01-09 14:07:43 +05:30:   name: 'patel',
2026-01-09 14:07:43 +05:30:   createdAt: 2025-10-15T10:22:31.346Z
2026-01-09 14:07:43 +05:30: }
2026-01-09 14:07:43 +05:30: [SOCKET] connected omdVafr_9P-rcTieAAA7 user= {
2026-01-09 14:07:43 +05:30:   id: '9c61e570-a03f-4937-8361-0e0f1abf4ef3',
2026-01-09 14:07:43 +05:30:   name: 'patel',
2026-01-09 14:07:43 +05:30:   email: 'p@p.c'
2026-01-09 14:07:43 +05:30: }
2026-01-09 14:11:21 +05:30: [SRV] cleanupPeer omdVafr_9P-rcTieAAA7
2026-01-09 14:11:21 +05:30: [SOCKET] disconnected omdVafr_9P-rcTieAAA7
